# JRE version: OpenJDK Runtime Environment Microsoft-8035246 (17.0.8+7) (build 17.0.8+7-LTS)
# Java VM: OpenJDK 64-Bit Server VM Microsoft-8035246 (17.0.8+7-LTS, mixed mode, sharing, tiered, compressed oops, compressed class ptrs, g1 gc, windows-amd64)
GC Precious Log:
 CPUs: 8 total, 8 available
 Memory: 16241M
 Large Page Support: Disabled
 NUMA Support: Disabled
 Compressed Oops: Enabled (32-bit)
 Heap Region Size: 1M
 Heap Min Capacity: 8M
 Heap Initial Capacity: 254M
 Heap Max Capacity: 2G
 Pre-touch: Disabled
 Parallel Workers: 8
 Concurrent Workers: 2
 Concurrent Refinement Workers: 8
 Periodic GC: Disabled
Heap:
 garbage-first heap   total 299008K, used 211479K [0x0000000080000000, 0x0000000100000000)
  region size 1024K, 22 young (22528K), 6 survivors (6144K)
 Metaspace       used 105132K, committed 106176K, reserved 557056K
  class space    used 14460K, committed 14976K, reserved 425984K
GC Heap History (20 events):
Event: 78.236 GC heap before
{Heap before GC invocations=45 (full 0):
 garbage-first heap   total 222208K, used 179760K [0x0000000080000000, 0x0000000100000000)
  region size 1024K, 55 young (56320K), 2 survivors (2048K)
 Metaspace       used 91688K, committed 92608K, reserved 557056K
  class space    used 12754K, committed 13184K, reserved 425984K
}
Event: 78.245 GC heap after
{Heap after GC invocations=46 (full 0):
 garbage-first heap   total 222208K, used 134249K [0x0000000080000000, 0x0000000100000000)
  region size 1024K, 7 young (7168K), 7 survivors (7168K)
 Metaspace       used 91688K, committed 92608K, reserved 557056K
  class space    used 12754K, committed 13184K, reserved 425984K
}
Event: 79.070 GC heap before
{Heap before GC invocations=46 (full 0):
 garbage-first heap   total 222208K, used 186473K [0x0000000080000000, 0x0000000100000000)
  region size 1024K, 53 young (54272K), 7 survivors (7168K)
 Metaspace       used 91893K, committed 92864K, reserved 557056K
  class space    used 12772K, committed 13248K, reserved 425984K
}
Event: 79.086 GC heap after
{Heap after GC invocations=47 (full 0):
 garbage-first heap   total 222208K, used 146504K [0x0000000080000000, 0x0000000100000000)
  region size 1024K, 7 young (7168K), 7 survivors (7168K)
 Metaspace       used 91893K, committed 92864K, reserved 557056K
  class space    used 12772K, committed 13248K, reserved 425984K
}
Event: 80.144 GC heap before
{Heap before GC invocations=47 (full 0):
 garbage-first heap   total 222208K, used 183368K [0x0000000080000000, 0x0000000100000000)
  region size 1024K, 43 young (44032K), 7 survivors (7168K)
 Metaspace       used 93983K, committed 94976K, reserved 557056K
  class space    used 13038K, committed 13504K, reserved 425984K
}
Event: 80.154 GC heap after
{Heap after GC invocations=48 (full 0):
 garbage-first heap   total 222208K, used 151030K [0x0000000080000000, 0x0000000100000000)
  region size 1024K, 4 young (4096K), 4 survivors (4096K)
 Metaspace       used 93983K, committed 94976K, reserved 557056K
  class space    used 13038K, committed 13504K, reserved 425984K
}
Event: 81.052 GC heap before
{Heap before GC invocations=48 (full 0):
 garbage-first heap   total 222208K, used 191990K [0x0000000080000000, 0x0000000100000000)
  region size 1024K, 38 young (38912K), 4 survivors (4096K)
 Metaspace       used 96212K, committed 97216K, reserved 557056K
  class space    used 13333K, committed 13824K, reserved 425984K
}
Event: 81.061 GC heap after
{Heap after GC invocations=49 (full 0):
 garbage-first heap   total 222208K, used 165888K [0x0000000080000000, 0x0000000100000000)
  region size 1024K, 5 young (5120K), 5 survivors (5120K)
 Metaspace       used 96212K, committed 97216K, reserved 557056K
  class space    used 13333K, committed 13824K, reserved 425984K
}
Event: 81.530 GC heap before
{Heap before GC invocations=49 (full 0):
 garbage-first heap   total 222208K, used 189440K [0x0000000080000000, 0x0000000100000000)
  region size 1024K, 28 young (28672K), 5 survivors (5120K)
 Metaspace       used 97045K, committed 98048K, reserved 557056K
  class space    used 13441K, committed 13952K, reserved 425984K
}
Event: 81.541 GC heap after
{Heap after GC invocations=50 (full 0):
 garbage-first heap   total 222208K, used 170746K [0x0000000080000000, 0x0000000100000000)
  region size 1024K, 4 young (4096K), 4 survivors (4096K)
 Metaspace       used 97045K, committed 98048K, reserved 557056K
  class space    used 13441K, committed 13952K, reserved 425984K
}
Event: 81.975 GC heap before
{Heap before GC invocations=51 (full 0):
 garbage-first heap   total 299008K, used 184058K [0x0000000080000000, 0x0000000100000000)
  region size 1024K, 17 young (17408K), 4 survivors (4096K)
 Metaspace       used 98703K, committed 99776K, reserved 557056K
  class space    used 13705K, committed 14272K, reserved 425984K
}
Event: 81.984 GC heap after
{Heap after GC invocations=52 (full 0):
 garbage-first heap   total 299008K, used 172691K [0x0000000080000000, 0x0000000100000000)
  region size 1024K, 2 young (2048K), 2 survivors (2048K)
 Metaspace       used 98703K, committed 99776K, reserved 557056K
  class space    used 13705K, committed 14272K, reserved 425984K
}
Event: 82.563 GC heap before
{Heap before GC invocations=52 (full 0):
 garbage-first heap   total 299008K, used 184979K [0x0000000080000000, 0x0000000100000000)
  region size 1024K, 14 young (14336K), 2 survivors (2048K)
 Metaspace       used 100836K, committed 101888K, reserved 557056K
  class space    used 13978K, committed 14528K, reserved 425984K
}
Event: 82.572 GC heap after
{Heap after GC invocations=53 (full 0):
 garbage-first heap   total 299008K, used 172942K [0x0000000080000000, 0x0000000100000000)
  region size 1024K, 2 young (2048K), 2 survivors (2048K)
 Metaspace       used 100836K, committed 101888K, reserved 557056K
  class space    used 13978K, committed 14528K, reserved 425984K
}
Event: 85.083 GC heap before
{Heap before GC invocations=53 (full 0):
 garbage-first heap   total 299008K, used 239502K [0x0000000080000000, 0x0000000100000000)
  region size 1024K, 67 young (68608K), 2 survivors (2048K)
 Metaspace       used 101930K, committed 102976K, reserved 557056K
  class space    used 14086K, committed 14592K, reserved 425984K
}
Event: 85.100 GC heap after
{Heap after GC invocations=54 (full 0):
 garbage-first heap   total 299008K, used 184843K [0x0000000080000000, 0x0000000100000000)
  region size 1024K, 9 young (9216K), 9 survivors (9216K)
 Metaspace       used 101930K, committed 102976K, reserved 557056K
  class space    used 14086K, committed 14592K, reserved 425984K
}
Event: 87.137 GC heap before
{Heap before GC invocations=54 (full 0):
 garbage-first heap   total 299008K, used 241163K [0x0000000080000000, 0x0000000100000000)
  region size 1024K, 65 young (66560K), 9 survivors (9216K)
 Metaspace       used 104494K, committed 105600K, reserved 557056K
  class space    used 14397K, committed 14912K, reserved 425984K
}
Event: 87.155 GC heap after
{Heap after GC invocations=55 (full 0):
 garbage-first heap   total 299008K, used 191313K [0x0000000080000000, 0x0000000100000000)
  region size 1024K, 7 young (7168K), 7 survivors (7168K)
 Metaspace       used 104494K, committed 105600K, reserved 557056K
  class space    used 14397K, committed 14912K, reserved 425984K
}
Event: 88.973 GC heap before
{Heap before GC invocations=55 (full 0):
 garbage-first heap   total 299008K, used 244561K [0x0000000080000000, 0x0000000100000000)
  region size 1024K, 60 young (61440K), 7 survivors (7168K)
 Metaspace       used 105058K, committed 106176K, reserved 557056K
  class space    used 14460K, committed 14976K, reserved 425984K
}
Event: 88.987 GC heap after
{Heap after GC invocations=56 (full 0):
 garbage-first heap   total 299008K, used 197143K [0x0000000080000000, 0x0000000100000000)
  region size 1024K, 6 young (6144K), 6 survivors (6144K)
 Metaspace       used 105058K, committed 106176K, reserved 557056K
  class space    used 14460K, committed 14976K, reserved 425984K
}

